<?xml version="1.0" encoding="UTF-8"?>
<!-- Generated by org.testng.reporters.JUnitReportReporter -->
<testsuite hostname="LAPTOP-MC4R20CB" failures="0" tests="3" name="com.ripplestreet.AllGetApis.AchievementControllerGetApi" time="5.002" errors="0" timestamp="2023-08-18T15:30:30 IST" skipped="0">
  <testcase classname="com.ripplestreet.AllGetApis.AchievementControllerGetApi" name="GetListofAchievements" time="1.627"/>
  <testcase classname="com.ripplestreet.AllGetApis.AchievementControllerGetApi" name="getAchivements" time="1.636"/>
  <testcase classname="com.ripplestreet.AllGetApis.AchievementControllerGetApi" name="GetListofAchievementsforTriggerId" time="1.739"/>
</testsuite> <!-- com.ripplestreet.AllGetApis.AchievementControllerGetApi -->
