<?xml version="1.0" encoding="UTF-8"?>
<!-- Generated by org.testng.reporters.JUnitReportReporter -->
<testsuite hostname="LAPTOP-MC4R20CB" failures="0" tests="3" name="com.ripplestreet.AllPutApis.FAQSControllerPutApi" time="4.387" errors="0" timestamp="2023-07-24T13:06:09 IST" skipped="0">
  <testcase classname="com.ripplestreet.AllPutApis.FAQSControllerPutApi" name="updateFAQ" time="1.441"/>
  <system-out/>
  <testcase classname="com.ripplestreet.AllPutApis.FAQSControllerPutApi" name="updateFAQTopicItems" time="1.461"/>
  <system-out/>
  <testcase classname="com.ripplestreet.AllPutApis.FAQSControllerPutApi" name="updateFAQTopics" time="1.485"/>
  <system-out/>
</testsuite> <!-- com.ripplestreet.AllPutApis.FAQSControllerPutApi -->
