<?xml version="1.0" encoding="UTF-8"?>
<!-- Generated by org.testng.reporters.JUnitReportReporter -->
<testsuite hostname="LAPTOP-MC4R20CB" failures="0" tests="2" name="com.ripplestreet.FilterApis.CommunityServiceFiltersgetApi" time="27.016" errors="0" timestamp="2023-07-24T13:06:09 IST" skipped="0">
  <testcase classname="com.ripplestreet.FilterApis.CommunityServiceFiltersgetApi" name="getAllUsersByEventAndParticipantType" time="13.354"/>
  <system-out/>
  <testcase classname="com.ripplestreet.FilterApis.CommunityServiceFiltersgetApi" name="getAllAdressEntriesByPersonId" time="13.662"/>
  <system-out/>
</testsuite> <!-- com.ripplestreet.FilterApis.CommunityServiceFiltersgetApi -->
