<?xml version="1.0" encoding="UTF-8"?>
<!-- Generated by org.testng.reporters.JUnitReportReporter -->
<testsuite hostname="LAPTOP-MC4R20CB" failures="0" tests="3" name="com.ripplestreet.AllPutApis.RewardAllocationControllerPutApi" time="5.155" errors="0" timestamp="2023-08-09T18:29:28 IST" skipped="0">
  <testcase classname="com.ripplestreet.AllPutApis.RewardAllocationControllerPutApi" name="UpdateAllocatedRewardItemStatus" time="1.707"/>
  <testcase classname="com.ripplestreet.AllPutApis.RewardAllocationControllerPutApi" name="UpdateAllocatedRewardItemToReadyForDelevery" time="1.709"/>
  <testcase classname="com.ripplestreet.AllPutApis.RewardAllocationControllerPutApi" name="updateRewarditemAllocation" time="1.739"/>
</testsuite> <!-- com.ripplestreet.AllPutApis.RewardAllocationControllerPutApi -->
