<?xml version="1.0" encoding="UTF-8"?>
<!-- Generated by org.testng.reporters.JUnitReportReporter -->
<testsuite hostname="LAPTOP-MC4R20CB" failures="0" tests="1" name="com.ripplestreet.AllPutApis.ActivityGroupControllerPutApi" time="2.809" errors="0" timestamp="2023-08-16T14:38:11 IST" skipped="0">
  <testcase classname="com.ripplestreet.AllPutApis.ActivityGroupControllerPutApi" name="updateActivityGroup" time="2.809"/>
</testsuite> <!-- com.ripplestreet.AllPutApis.ActivityGroupControllerPutApi -->
