<?xml version="1.0" encoding="UTF-8"?>
<!-- Generated by org.testng.reporters.JUnitReportReporter -->
<testsuite hostname="LAPTOP-MC4R20CB" failures="0" tests="1" name="com.ripplestreet.AllGetApis.ConfigurationController" time="1.654" errors="0" timestamp="2023-08-18T15:30:30 IST" skipped="0">
  <testcase classname="com.ripplestreet.AllGetApis.ConfigurationController" name="getAllconfigs" time="1.654"/>
</testsuite> <!-- com.ripplestreet.AllGetApis.ConfigurationController -->
