<?xml version="1.0" encoding="UTF-8"?>
<!-- Generated by org.testng.reporters.JUnitReportReporter -->
<testsuite hostname="LAPTOP-MC4R20CB" failures="0" tests="1" name="com.ripplestreet.FilterApis.FeedControllerFiltersGetApi" time="54.106" errors="0" timestamp="2023-07-24T14:53:41 IST" skipped="0">
  <testcase classname="com.ripplestreet.FilterApis.FeedControllerFiltersGetApi" name="getAllfeedForEvents" time="54.106"/>
  <system-out/>
</testsuite> <!-- com.ripplestreet.FilterApis.FeedControllerFiltersGetApi -->
