<?xml version="1.0" encoding="UTF-8"?>
<!-- Generated by org.testng.reporters.JUnitReportReporter -->
<testsuite hostname="LAPTOP-MC4R20CB" failures="0" tests="5" name="com.ripplestreet.AllPutApis.NotificationControllerPutApi" time="8.343" errors="0" timestamp="2023-07-21T12:42:07 IST" skipped="0">
  <testcase classname="com.ripplestreet.AllPutApis.NotificationControllerPutApi" name="deleteFileUploadByCampaignId" time="1.449"/>
  <system-out/>
  <testcase classname="com.ripplestreet.AllPutApis.NotificationControllerPutApi" name="resetNotificationReceipentId" time="1.739"/>
  <system-out/>
  <testcase classname="com.ripplestreet.AllPutApis.NotificationControllerPutApi" name="resetNotificationStatus" time="1.744"/>
  <system-out/>
  <testcase classname="com.ripplestreet.AllPutApis.NotificationControllerPutApi" name="sendPublishUnpublishNotification" time="1.670"/>
  <system-out/>
  <testcase classname="com.ripplestreet.AllPutApis.NotificationControllerPutApi" name="resetNotificationRecepientData" time="1.741"/>
  <system-out/>
</testsuite> <!-- com.ripplestreet.AllPutApis.NotificationControllerPutApi -->
