<?xml version="1.0" encoding="UTF-8"?>
<!-- Generated by org.testng.reporters.JUnitReportReporter -->
<testsuite hostname="LAPTOP-MC4R20CB" failures="0" tests="7" name="com.ripplestreet.AllGetApis.TemplateControllerGetApi" time="11.571" errors="0" timestamp="2023-07-24T13:06:09 IST" skipped="0">
  <testcase classname="com.ripplestreet.AllGetApis.TemplateControllerGetApi" name="template" time="1.517"/>
  <system-out/>
  <testcase classname="com.ripplestreet.AllGetApis.TemplateControllerGetApi" name="AllEmailList" time="2.184"/>
  <system-out/>
  <testcase classname="com.ripplestreet.AllGetApis.TemplateControllerGetApi" name="PreviewTemplateContent" time="1.878"/>
  <system-out/>
  <testcase classname="com.ripplestreet.AllGetApis.TemplateControllerGetApi" name="GettemplateByTrasactionalType" time="1.342"/>
  <system-out/>
  <testcase classname="com.ripplestreet.AllGetApis.TemplateControllerGetApi" name="DownloadCSVLoader" time="1.796"/>
  <system-out/>
  <testcase classname="com.ripplestreet.AllGetApis.TemplateControllerGetApi" name="GetTemplateListByTransactionalTypeAndEventId" time="1.420"/>
  <system-out/>
  <testcase classname="com.ripplestreet.AllGetApis.TemplateControllerGetApi" name="getTransactionalTemplateById" time="1.434"/>
  <system-out/>
</testsuite> <!-- com.ripplestreet.AllGetApis.TemplateControllerGetApi -->
