<?xml version="1.0" encoding="UTF-8"?>
<!-- Generated by org.testng.reporters.JUnitReportReporter -->
<testsuite hostname="LAPTOP-MC4R20CB" failures="0" tests="2" name="com.ripplestreet.AllGetApis.ProductControllerGetApi" time="3.194" errors="0" timestamp="2023-08-18T15:30:30 IST" skipped="0">
  <testcase classname="com.ripplestreet.AllGetApis.ProductControllerGetApi" name="getListOfProdutsByEventID" time="1.511"/>
  <testcase classname="com.ripplestreet.AllGetApis.ProductControllerGetApi" name="getProductsById" time="1.683"/>
</testsuite> <!-- com.ripplestreet.AllGetApis.ProductControllerGetApi -->
