<?xml version="1.0" encoding="UTF-8"?>
<!-- Generated by org.testng.reporters.JUnitReportReporter -->
<testsuite hostname="LAPTOP-MC4R20CB" failures="0" tests="5" name="com.ripplestreet.AllPutApis.NotificationControllerPutApi" time="7.357" errors="0" timestamp="2023-07-24T13:06:09 IST" skipped="0">
  <testcase classname="com.ripplestreet.AllPutApis.NotificationControllerPutApi" name="deleteFileUploadByCampaignId" time="1.489"/>
  <system-out/>
  <testcase classname="com.ripplestreet.AllPutApis.NotificationControllerPutApi" name="resetNotificationReceipentId" time="1.492"/>
  <system-out/>
  <testcase classname="com.ripplestreet.AllPutApis.NotificationControllerPutApi" name="resetNotificationStatus" time="1.453"/>
  <system-out/>
  <testcase classname="com.ripplestreet.AllPutApis.NotificationControllerPutApi" name="sendPublishUnpublishNotification" time="1.469"/>
  <system-out/>
  <testcase classname="com.ripplestreet.AllPutApis.NotificationControllerPutApi" name="resetNotificationRecepientData" time="1.454"/>
  <system-out/>
</testsuite> <!-- com.ripplestreet.AllPutApis.NotificationControllerPutApi -->
