<?xml version="1.0" encoding="UTF-8"?>
<!-- Generated by org.testng.reporters.JUnitReportReporter -->
<testsuite hostname="LAPTOP-MC4R20CB" failures="0" tests="1" name="com.ripplestreet.AllGetApis.PreSignedURLControllerGetApi" time="2.584" errors="0" timestamp="2023-08-18T15:29:25 IST" skipped="0">
  <testcase classname="com.ripplestreet.AllGetApis.PreSignedURLControllerGetApi" name="getAllFilesBynotificationId" time="2.584"/>
</testsuite> <!-- com.ripplestreet.AllGetApis.PreSignedURLControllerGetApi -->
