<?xml version="1.0" encoding="UTF-8"?>
<!-- Generated by org.testng.reporters.JUnitReportReporter -->
<testsuite hostname="LAPTOP-MC4R20CB" failures="0" tests="1" name="com.ripplestreet.AllPutApis.AudiencePromotionControllerPutApi" time="2.427" errors="0" timestamp="2023-08-16T11:01:46 IST" skipped="0">
  <testcase classname="com.ripplestreet.AllPutApis.AudiencePromotionControllerPutApi" name="updateAudiencePromotionJobRecordStatusAndParsingCount" time="2.427"/>
</testsuite> <!-- com.ripplestreet.AllPutApis.AudiencePromotionControllerPutApi -->
