<?xml version="1.0" encoding="UTF-8"?>
<!-- Generated by org.testng.reporters.JUnitReportReporter -->
<testsuite hostname="LAPTOP-MC4R20CB" failures="0" tests="1" name="com.ripplestreet.AllPutApis.MarketingGoalsPutApi" time="1.933" errors="0" timestamp="2023-08-09T18:29:28 IST" skipped="0">
  <testcase classname="com.ripplestreet.AllPutApis.MarketingGoalsPutApi" name="updateMArketingGoalForEvent" time="1.933"/>
</testsuite> <!-- com.ripplestreet.AllPutApis.MarketingGoalsPutApi -->
