<?xml version="1.0" encoding="UTF-8"?>
<!-- Generated by org.testng.reporters.JUnitReportReporter -->
<testsuite hostname="LAPTOP-MC4R20CB" failures="0" tests="1" name="com.ripplestreet.FilterApis.SegmentaionDefinitionControllerVersion2FiltersGetApi" time="6.194" errors="0" timestamp="2023-07-21T14:36:36 IST" skipped="0">
  <testcase classname="com.ripplestreet.FilterApis.SegmentaionDefinitionControllerVersion2FiltersGetApi" name="getAllSegments" time="6.194"/>
  <system-out/>
</testsuite> <!-- com.ripplestreet.FilterApis.SegmentaionDefinitionControllerVersion2FiltersGetApi -->
