<?xml version="1.0" encoding="UTF-8"?>
<!-- Generated by org.testng.reporters.JUnitReportReporter -->
<testsuite hostname="LAPTOP-MC4R20CB" failures="0" tests="2" name="com.ripplestreet.AllGetApis.TrackableLinkcontrollerGetApi" time="3.137" errors="0" timestamp="2023-08-18T15:30:30 IST" skipped="0">
  <testcase classname="com.ripplestreet.AllGetApis.TrackableLinkcontrollerGetApi" name="findAllLinksForAnEvent" time="1.500"/>
  <testcase classname="com.ripplestreet.AllGetApis.TrackableLinkcontrollerGetApi" name="getLinkById" time="1.637"/>
</testsuite> <!-- com.ripplestreet.AllGetApis.TrackableLinkcontrollerGetApi -->
