<?xml version="1.0" encoding="UTF-8"?>
<!-- Generated by org.testng.reporters.JUnitReportReporter -->
<testsuite hostname="LAPTOP-MC4R20CB" failures="0" tests="1" name="com.ripplestreet.FilterApis.RewardDeliveryControllerFiltersGetApi" time="45.870" errors="0" timestamp="2023-07-21T14:30:54 IST" skipped="0">
  <testcase classname="com.ripplestreet.FilterApis.RewardDeliveryControllerFiltersGetApi" name="getRewardDeleviries" time="45.870"/>
  <system-out/>
</testsuite> <!-- com.ripplestreet.FilterApis.RewardDeliveryControllerFiltersGetApi -->
