<?xml version="1.0" encoding="UTF-8"?>
<!-- Generated by org.testng.reporters.JUnitReportReporter -->
<testsuite hostname="LAPTOP-MC4R20CB" failures="0" tests="1" name="com.ripplestreet.AllPutApis.TrackerControllerGetApi" time="3.368" errors="0" timestamp="2023-08-16T17:04:03 IST" skipped="0">
  <testcase classname="com.ripplestreet.AllPutApis.TrackerControllerGetApi" name="updateActivityTrackerstatuses" time="3.368"/>
</testsuite> <!-- com.ripplestreet.AllPutApis.TrackerControllerGetApi -->
