<?xml version="1.0" encoding="UTF-8"?>
<!-- Generated by org.testng.reporters.JUnitReportReporter -->
<testsuite hostname="LAPTOP-MC4R20CB" failures="0" tests="1" name="com.ripplestreet.AllPutApis.optInsControllerPutApi" time="1.537" errors="0" timestamp="2023-07-21T12:42:07 IST" skipped="0">
  <testcase classname="com.ripplestreet.AllPutApis.optInsControllerPutApi" name="UpdateOtpIn" time="1.537"/>
  <system-out/>
</testsuite> <!-- com.ripplestreet.AllPutApis.optInsControllerPutApi -->
