<?xml version="1.0" encoding="UTF-8"?>
<!-- Generated by org.testng.reporters.JUnitReportReporter -->
<testsuite hostname="LAPTOP-MC4R20CB" failures="0" tests="1" name="com.ripplestreet.AllPutApis.ApplicationsControllerPutApi" time="2.837" errors="0" timestamp="2023-08-16T11:52:56 IST" skipped="0">
  <testcase classname="com.ripplestreet.AllPutApis.ApplicationsControllerPutApi" name="MarkApplicationCompleteOrInCompletebyeventIdandpersonId" time="2.837"/>
</testsuite> <!-- com.ripplestreet.AllPutApis.ApplicationsControllerPutApi -->
