<?xml version="1.0" encoding="UTF-8"?>
<!-- Generated by org.testng.reporters.JUnitReportReporter -->
<testsuite hostname="LAPTOP-MC4R20CB" failures="0" tests="19" name="com.ripplestreet.AllGetApis.EventControllerGetApi" time="30.470" errors="0" timestamp="2023-08-18T15:30:29 IST" skipped="0">
  <testcase classname="com.ripplestreet.AllGetApis.EventControllerGetApi" name="getStatus" time="1.608"/>
  <testcase classname="com.ripplestreet.AllGetApis.EventControllerGetApi" name="getAllEvents" time="1.498"/>
  <testcase classname="com.ripplestreet.AllGetApis.EventControllerGetApi" name="getAllSpotLightEventDetail" time="1.671"/>
  <testcase classname="com.ripplestreet.AllGetApis.EventControllerGetApi" name="getEventDetailforWorkflow" time="1.602"/>
  <testcase classname="com.ripplestreet.AllGetApis.EventControllerGetApi" name="getAllCurrentMileStoneByEvent" time="1.601"/>
  <testcase classname="com.ripplestreet.AllGetApis.EventControllerGetApi" name="getAllMileStonesByEvent" time="1.608"/>
  <testcase classname="com.ripplestreet.AllGetApis.EventControllerGetApi" name="getAllProductByEvents" time="1.631"/>
  <testcase classname="com.ripplestreet.AllGetApis.EventControllerGetApi" name="getAllServices" time="1.642"/>
  <testcase classname="com.ripplestreet.AllGetApis.EventControllerGetApi" name="getAllSubscriptionsByEvent" time="1.432"/>
  <testcase classname="com.ripplestreet.AllGetApis.EventControllerGetApi" name="getAllSubscriptionsByServiceName" time="1.651"/>
  <testcase classname="com.ripplestreet.AllGetApis.EventControllerGetApi" name="getEventById" time="1.531"/>
  <testcase classname="com.ripplestreet.AllGetApis.EventControllerGetApi" name="getEventDetailBySlug" time="1.641"/>
  <testcase classname="com.ripplestreet.AllGetApis.EventControllerGetApi" name="getProductDetailEventIdAndProductId" time="1.582"/>
  <testcase classname="com.ripplestreet.AllGetApis.EventControllerGetApi" name="getpackAndApplicationCountByEventId" time="1.586"/>
  <testcase classname="com.ripplestreet.AllGetApis.EventControllerGetApi" name="getByEventName" time="1.663"/>
  <testcase classname="com.ripplestreet.AllGetApis.EventControllerGetApi" name="getCurrentMileStonesByEvent" time="1.679"/>
  <testcase classname="com.ripplestreet.AllGetApis.EventControllerGetApi" name="getEventDetailForWorkFlow" time="1.625"/>
  <testcase classname="com.ripplestreet.AllGetApis.EventControllerGetApi" name="getFilteredEvents" time="1.692"/>
  <testcase classname="com.ripplestreet.AllGetApis.EventControllerGetApi" name="getEventMileStoneByIdAndDate" time="1.527"/>
</testsuite> <!-- com.ripplestreet.AllGetApis.EventControllerGetApi -->
