<?xml version="1.0" encoding="UTF-8"?>
<!-- Generated by org.testng.reporters.JUnitReportReporter -->
<testsuite hostname="LAPTOP-MC4R20CB" failures="0" tests="2" name="com.ripplestreet.AllPutApis.ActivityControllerPutApi" time="3.481" errors="0" timestamp="2023-08-09T18:29:28 IST" skipped="0">
  <testcase classname="com.ripplestreet.AllPutApis.ActivityControllerPutApi" name="UpdateActivity" time="1.806"/>
  <testcase classname="com.ripplestreet.AllPutApis.ActivityControllerPutApi" name="ReopenActivity" time="1.675"/>
</testsuite> <!-- com.ripplestreet.AllPutApis.ActivityControllerPutApi -->
