<?xml version="1.0" encoding="UTF-8"?>
<!-- Generated by org.testng.reporters.JUnitReportReporter -->
<testsuite hostname="LAPTOP-MC4R20CB" failures="0" tests="2" name="com.ripplestreet.AllGetApis.DiscussionControllerGetApi" time="3.482" errors="0" timestamp="2023-08-18T15:30:29 IST" skipped="0">
  <testcase classname="com.ripplestreet.AllGetApis.DiscussionControllerGetApi" name="getDiscussionListByFilters" time="1.553"/>
  <testcase classname="com.ripplestreet.AllGetApis.DiscussionControllerGetApi" name="getDiscussion" time="1.929"/>
</testsuite> <!-- com.ripplestreet.AllGetApis.DiscussionControllerGetApi -->
