<?xml version="1.0" encoding="UTF-8"?>
<!-- Generated by org.testng.reporters.JUnitReportReporter -->
<testsuite hostname="LAPTOP-MC4R20CB" failures="0" tests="1" name="com.ripplestreet.AllPutApis.ReceiptControllerPutApi" time="2.894" errors="0" timestamp="2023-08-16T16:55:11 IST" skipped="0">
  <testcase classname="com.ripplestreet.AllPutApis.ReceiptControllerPutApi" name="UpdateReceiptDatarecorder" time="2.894"/>
</testsuite> <!-- com.ripplestreet.AllPutApis.ReceiptControllerPutApi -->
