<?xml version="1.0" encoding="UTF-8"?>
<!-- Generated by org.testng.reporters.JUnitReportReporter -->
<testsuite hostname="LAPTOP-MC4R20CB" failures="0" tests="1" name="com.ripplestreet.AllPostApis.AudienceControllerPostApi" time="3.070" errors="0" timestamp="2023-07-25T12:46:07 IST" skipped="0">
  <testcase classname="com.ripplestreet.AllPostApis.AudienceControllerPostApi" name="exportUserList" time="3.070"/>
  <system-out/>
</testsuite> <!-- com.ripplestreet.AllPostApis.AudienceControllerPostApi -->
