<?xml version="1.0" encoding="UTF-8"?>
<!-- Generated by org.testng.reporters.JUnitReportReporter -->
<testsuite hostname="LAPTOP-MC4R20CB" failures="0" tests="2" name="com.ripplestreet.AllPutApis.ProductControllerPutApi" time="3.021" errors="0" timestamp="2023-07-24T13:06:09 IST" skipped="0">
  <testcase classname="com.ripplestreet.AllPutApis.ProductControllerPutApi" name="updateEventproduct" time="1.479"/>
  <system-out/>
  <testcase classname="com.ripplestreet.AllPutApis.ProductControllerPutApi" name="ProductSyndication" time="1.542"/>
  <system-out/>
</testsuite> <!-- com.ripplestreet.AllPutApis.ProductControllerPutApi -->
