<?xml version="1.0" encoding="UTF-8"?>
<!-- Generated by org.testng.reporters.JUnitReportReporter -->
<testsuite hostname="LAPTOP-MC4R20CB" failures="0" tests="1" name="com.ripplestreet.AllPostApis.AudiencepromationConytrollerPostApi" time="2.974" errors="0" timestamp="2023-08-02T18:03:22 IST" skipped="0">
  <testcase classname="com.ripplestreet.AllPostApis.AudiencepromationConytrollerPostApi" name="addAndPromoteAudience" time="2.974"/>
  <system-out/>
</testsuite> <!-- com.ripplestreet.AllPostApis.AudiencepromationConytrollerPostApi -->
