<?xml version="1.0" encoding="UTF-8"?>
<!-- Generated by org.testng.reporters.JUnitReportReporter -->
<testsuite hostname="LAPTOP-MC4R20CB" failures="0" tests="1" name="com.ripplestreet.AllPutApis.ReviewControllerPutApi" time="2.335" errors="0" timestamp="2023-08-16T15:10:31 IST" skipped="0">
  <testcase classname="com.ripplestreet.AllPutApis.ReviewControllerPutApi" name="updateExternalReview" time="2.335"/>
</testsuite> <!-- com.ripplestreet.AllPutApis.ReviewControllerPutApi -->
