<?xml version="1.0" encoding="UTF-8"?>
<!-- Generated by org.testng.reporters.JUnitReportReporter -->
<testsuite hostname="LAPTOP-MC4R20CB" failures="0" tests="1" name="com.ripplestreet.FilterApis.GameControllerFiltersGetApi" time="8.735" errors="0" timestamp="2023-08-16T14:47:36 IST" skipped="0">
  <testcase classname="com.ripplestreet.FilterApis.GameControllerFiltersGetApi" name="getAllgames" time="8.735"/>
</testsuite> <!-- com.ripplestreet.FilterApis.GameControllerFiltersGetApi -->
