<?xml version="1.0" encoding="UTF-8"?>
<!-- Generated by org.testng.reporters.JUnitReportReporter -->
<testsuite hostname="LAPTOP-MC4R20CB" failures="0" tests="1" name="com.ripplestreet.AllPutApis.templateContrillerPutApi" time="3.119" errors="0" timestamp="2023-07-10T17:09:57 IST" skipped="0">
  <testcase classname="com.ripplestreet.AllPutApis.templateContrillerPutApi" name="updateTransactionalTemplate" time="3.119"/>
  <system-out/>
</testsuite> <!-- com.ripplestreet.AllPutApis.templateContrillerPutApi -->
