<?xml version="1.0" encoding="UTF-8"?>
<!-- Generated by org.testng.reporters.JUnitReportReporter -->
<testsuite hostname="LAPTOP-MC4R20CB" failures="0" tests="1" name="com.ripplestreet.AllPutApis.AssetControllerPutApi" time="4.495" errors="0" timestamp="2023-07-25T13:01:08 IST" skipped="0">
  <testcase classname="com.ripplestreet.AllPutApis.AssetControllerPutApi" name="softDeleteByAssetId" time="4.495"/>
  <system-out/>
</testsuite> <!-- com.ripplestreet.AllPutApis.AssetControllerPutApi -->
