<?xml version="1.0" encoding="UTF-8"?>
<!-- Generated by org.testng.reporters.JUnitReportReporter -->
<testsuite hostname="LAPTOP-MC4R20CB" failures="0" tests="1" name="com.ripplestreet.FilterApis.GetApiEventTypes" time="5.876" errors="0" timestamp="2023-07-17T15:40:45 IST" skipped="0">
  <testcase classname="com.ripplestreet.FilterApis.GetApiEventTypes" name="test" time="5.876"/>
  <system-out/>
</testsuite> <!-- com.ripplestreet.FilterApis.GetApiEventTypes -->
