<?xml version="1.0" encoding="UTF-8"?>
<!-- Generated by org.testng.reporters.JUnitReportReporter -->
<testsuite hostname="LAPTOP-MC4R20CB" failures="0" tests="1" name="com.ripplestreet.AllPutApis.LegalControllerPutrApi" time="1.725" errors="0" timestamp="2023-07-21T12:42:08 IST" skipped="0">
  <testcase classname="com.ripplestreet.AllPutApis.LegalControllerPutrApi" name="updateLegalDisclaimer" time="1.725"/>
  <system-out/>
</testsuite> <!-- com.ripplestreet.AllPutApis.LegalControllerPutrApi -->
