<?xml version="1.0" encoding="UTF-8"?>
<!-- Generated by org.testng.reporters.JUnitReportReporter -->
<testsuite hostname="LAPTOP-MC4R20CB" failures="0" tests="5" name="com.ripplestreet.AllGetApis.EventFeedControllerGetApi" time="8.076" errors="0" timestamp="2023-08-18T15:30:30 IST" skipped="0">
  <testcase classname="com.ripplestreet.AllGetApis.EventFeedControllerGetApi" name="getFeedInfoById" time="1.627"/>
  <testcase classname="com.ripplestreet.AllGetApis.EventFeedControllerGetApi" name="getCommentFeedByEventId" time="1.539"/>
  <testcase classname="com.ripplestreet.AllGetApis.EventFeedControllerGetApi" name="getAllFeedsForEvent" time="1.645"/>
  <testcase classname="com.ripplestreet.AllGetApis.EventFeedControllerGetApi" name="getPhotoFeedByEventId" time="1.665"/>
  <testcase classname="com.ripplestreet.AllGetApis.EventFeedControllerGetApi" name="getReviewFeedByEventId" time="1.600"/>
</testsuite> <!-- com.ripplestreet.AllGetApis.EventFeedControllerGetApi -->
