<?xml version="1.0" encoding="UTF-8"?>
<!-- Generated by org.testng.reporters.JUnitReportReporter -->
<testsuite hostname="LAPTOP-MC4R20CB" failures="0" tests="7" name="com.ripplestreet.AllGetApis.TemplateControllerGetApi" time="13.089" errors="0" timestamp="2023-07-21T12:42:08 IST" skipped="0">
  <testcase classname="com.ripplestreet.AllGetApis.TemplateControllerGetApi" name="template" time="1.956"/>
  <system-out/>
  <testcase classname="com.ripplestreet.AllGetApis.TemplateControllerGetApi" name="AllEmailList" time="2.456"/>
  <system-out/>
  <testcase classname="com.ripplestreet.AllGetApis.TemplateControllerGetApi" name="PreviewTemplateContent" time="1.919"/>
  <system-out/>
  <testcase classname="com.ripplestreet.AllGetApis.TemplateControllerGetApi" name="GettemplateByTrasactionalType" time="1.635"/>
  <system-out/>
  <testcase classname="com.ripplestreet.AllGetApis.TemplateControllerGetApi" name="DownloadCSVLoader" time="1.875"/>
  <system-out/>
  <testcase classname="com.ripplestreet.AllGetApis.TemplateControllerGetApi" name="GetTemplateListByTransactionalTypeAndEventId" time="1.613"/>
  <system-out/>
  <testcase classname="com.ripplestreet.AllGetApis.TemplateControllerGetApi" name="getTransactionalTemplateById" time="1.635"/>
  <system-out/>
</testsuite> <!-- com.ripplestreet.AllGetApis.TemplateControllerGetApi -->
