<?xml version="1.0" encoding="UTF-8"?>
<!-- Generated by org.testng.reporters.JUnitReportReporter -->
<testsuite hostname="LAPTOP-MC4R20CB" failures="0" tests="1" name="com.ripplestreet.FilterApis.EventControllerFiltersGetApi" time="8.195" errors="0" timestamp="2023-07-21T14:48:45 IST" skipped="0">
  <testcase classname="com.ripplestreet.FilterApis.EventControllerFiltersGetApi" name="DiscoverEventFilters" time="8.195"/>
  <system-out/>
</testsuite> <!-- com.ripplestreet.FilterApis.EventControllerFiltersGetApi -->
