<?xml version="1.0" encoding="UTF-8"?>
<!-- Generated by org.testng.reporters.JUnitReportReporter -->
<testsuite hostname="LAPTOP-MC4R20CB" failures="0" tests="3" name="com.ripplestreet.AllGetApis.ReviewControllerGetApi" time="4.460" errors="0" timestamp="2023-07-24T13:06:09 IST" skipped="0">
  <testcase classname="com.ripplestreet.AllGetApis.ReviewControllerGetApi" name="getExternalReview" time="1.499"/>
  <system-out/>
  <testcase classname="com.ripplestreet.AllGetApis.ReviewControllerGetApi" name="getReviewsByTaskId" time="1.339"/>
  <system-out/>
  <testcase classname="com.ripplestreet.AllGetApis.ReviewControllerGetApi" name="getReview" time="1.622"/>
  <system-out/>
</testsuite> <!-- com.ripplestreet.AllGetApis.ReviewControllerGetApi -->
