<?xml version="1.0" encoding="UTF-8"?>
<!-- Generated by org.testng.reporters.JUnitReportReporter -->
<testsuite hostname="LAPTOP-MC4R20CB" failures="0" tests="1" name="com.ripplestreet.AllGetApis.CommunityControllerGetApi" time="4.226" errors="0" timestamp="2023-07-25T12:52:03 IST" skipped="0">
  <testcase classname="com.ripplestreet.AllGetApis.CommunityControllerGetApi" name="getAllAddressEntriesByPersonId" time="4.226"/>
  <system-out/>
</testsuite> <!-- com.ripplestreet.AllGetApis.CommunityControllerGetApi -->
