<?xml version="1.0" encoding="UTF-8"?>
<!-- Generated by org.testng.reporters.JUnitReportReporter -->
<testsuite hostname="LAPTOP-MC4R20CB" failures="0" tests="3" name="com.ripplestreet.AllPutApis.FAQSControllerPutApi" time="6.207" errors="0" timestamp="2023-08-09T18:29:28 IST" skipped="0">
  <testcase classname="com.ripplestreet.AllPutApis.FAQSControllerPutApi" name="updateFAQ" time="2.823"/>
  <testcase classname="com.ripplestreet.AllPutApis.FAQSControllerPutApi" name="updateFAQTopicItems" time="1.738"/>
  <testcase classname="com.ripplestreet.AllPutApis.FAQSControllerPutApi" name="updateFAQTopics" time="1.646"/>
</testsuite> <!-- com.ripplestreet.AllPutApis.FAQSControllerPutApi -->
