<?xml version="1.0" encoding="UTF-8"?>
<!-- Generated by org.testng.reporters.JUnitReportReporter -->
<testsuite hostname="LAPTOP-MC4R20CB" failures="0" tests="5" name="com.ripplestreet.AllGetApis.SegmentationDataControllerGetApi" time="7.115" errors="0" timestamp="2023-07-24T13:06:09 IST" skipped="0">
  <testcase classname="com.ripplestreet.AllGetApis.SegmentationDataControllerGetApi" name="FindIfUserExistInGivenSegment" time="1.330"/>
  <system-out/>
  <testcase classname="com.ripplestreet.AllGetApis.SegmentationDataControllerGetApi" name="GetSegmentIdBySegmentName" time="1.455"/>
  <system-out/>
  <testcase classname="com.ripplestreet.AllGetApis.SegmentationDataControllerGetApi" name="GetSegmentsOfaUser" time="1.505"/>
  <system-out/>
  <testcase classname="com.ripplestreet.AllGetApis.SegmentationDataControllerGetApi" name="GetUsersOfaSegment" time="1.441"/>
  <system-out/>
  <testcase classname="com.ripplestreet.AllGetApis.SegmentationDataControllerGetApi" name="GetUserDetailsOfaSegment" time="1.384"/>
  <system-out/>
</testsuite> <!-- com.ripplestreet.AllGetApis.SegmentationDataControllerGetApi -->
