<?xml version="1.0" encoding="UTF-8"?>
<!-- Generated by org.testng.reporters.JUnitReportReporter -->
<testsuite hostname="LAPTOP-MC4R20CB" failures="0" tests="3" name="com.ripplestreet.AllPostApis.ReviewControllerPostApi" time="5.016" errors="0" timestamp="2023-08-09T18:29:28 IST" skipped="0">
  <testcase classname="com.ripplestreet.AllPostApis.ReviewControllerPostApi" name="create" time="1.654"/>
  <testcase classname="com.ripplestreet.AllPostApis.ReviewControllerPostApi" name="getReviewListByFilter" time="1.712"/>
  <testcase classname="com.ripplestreet.AllPostApis.ReviewControllerPostApi" name="createExternalReview" time="1.650"/>
</testsuite> <!-- com.ripplestreet.AllPostApis.ReviewControllerPostApi -->
