<?xml version="1.0" encoding="UTF-8"?>
<!-- Generated by org.testng.reporters.JUnitReportReporter -->
<testsuite hostname="LAPTOP-MC4R20CB" failures="0" tests="2" name="com.ripplestreet.AllPutApis.ProductControllerPutApi" time="3.388" errors="0" timestamp="2023-07-21T12:42:08 IST" skipped="0">
  <testcase classname="com.ripplestreet.AllPutApis.ProductControllerPutApi" name="updateEventproduct" time="1.652"/>
  <system-out/>
  <testcase classname="com.ripplestreet.AllPutApis.ProductControllerPutApi" name="ProductSyndication" time="1.736"/>
  <system-out/>
</testsuite> <!-- com.ripplestreet.AllPutApis.ProductControllerPutApi -->
