<?xml version="1.0" encoding="UTF-8"?>
<!-- Generated by org.testng.reporters.JUnitReportReporter -->
<testsuite hostname="LAPTOP-MC4R20CB" failures="0" tests="6" name="com.ripplestreet.AllGetApis.NotificationControllerGetApi" time="9.233" errors="0" timestamp="2023-08-18T15:30:30 IST" skipped="0">
  <testcase classname="com.ripplestreet.AllGetApis.NotificationControllerGetApi" name="isEmailExistInSuppressionList" time="1.850"/>
  <testcase classname="com.ripplestreet.AllGetApis.NotificationControllerGetApi" name="getAllNotification" time="1.411"/>
  <testcase classname="com.ripplestreet.AllGetApis.NotificationControllerGetApi" name="GetCampaignByNotificationId" time="1.525"/>
  <testcase classname="com.ripplestreet.AllGetApis.NotificationControllerGetApi" name="GetStatusByNotificationId" time="1.566"/>
  <testcase classname="com.ripplestreet.AllGetApis.NotificationControllerGetApi" name="SearchCampaignforNotification" time="1.450"/>
  <testcase classname="com.ripplestreet.AllGetApis.NotificationControllerGetApi" name="GetKPIMatrixByCampaignId" time="1.431"/>
</testsuite> <!-- com.ripplestreet.AllGetApis.NotificationControllerGetApi -->
