<?xml version="1.0" encoding="UTF-8"?>
<!-- Generated by org.testng.reporters.JUnitReportReporter -->
<testsuite hostname="LAPTOP-MC4R20CB" failures="0" tests="1" name="com.ripplestreet.FilterApis.NotificationControllerFiltersGetApi" time="3.936" errors="0" timestamp="2023-08-16T14:47:51 IST" skipped="0">
  <testcase classname="com.ripplestreet.FilterApis.NotificationControllerFiltersGetApi" name="getAllNotification" time="3.936"/>
</testsuite> <!-- com.ripplestreet.FilterApis.NotificationControllerFiltersGetApi -->
