<?xml version="1.0" encoding="UTF-8"?>
<!-- Generated by org.testng.reporters.JUnitReportReporter -->
<testsuite hostname="LAPTOP-MC4R20CB" failures="0" tests="2" name="com.ripplestreet.AllGetApis.TrackableLinkcontrollerGetApi" time="2.846" errors="0" timestamp="2023-07-24T13:06:09 IST" skipped="0">
  <testcase classname="com.ripplestreet.AllGetApis.TrackableLinkcontrollerGetApi" name="findAllLinksForAnEvent" time="1.446"/>
  <system-out/>
  <testcase classname="com.ripplestreet.AllGetApis.TrackableLinkcontrollerGetApi" name="getLinkById" time="1.400"/>
  <system-out/>
</testsuite> <!-- com.ripplestreet.AllGetApis.TrackableLinkcontrollerGetApi -->
