<?xml version="1.0" encoding="UTF-8"?>
<!-- Generated by org.testng.reporters.JUnitReportReporter -->
<testsuite hostname="LAPTOP-MC4R20CB" failures="0" tests="9" name="com.ripplestreet.AllGetApis.CommunityControllerGetApi" time="27.789" errors="0" timestamp="2023-07-21T12:42:08 IST" skipped="0">
  <testcase classname="com.ripplestreet.AllGetApis.CommunityControllerGetApi" name="getAllAddressEntriesByPersonId" time="1.811"/>
  <system-out/>
  <testcase classname="com.ripplestreet.AllGetApis.CommunityControllerGetApi" name="getAllEventsByUserAndParticipantType" time="1.654"/>
  <system-out/>
  <testcase classname="com.ripplestreet.AllGetApis.CommunityControllerGetApi" name="getAllUsersByEventAndParticipantType" time="1.638"/>
  <system-out/>
  <testcase classname="com.ripplestreet.AllGetApis.CommunityControllerGetApi" name="GettingDetailOfHeadHostByPersonId" time="1.719"/>
  <system-out/>
  <testcase classname="com.ripplestreet.AllGetApis.CommunityControllerGetApi" name="getUserEventParticipationBit" time="1.741"/>
  <system-out/>
  <testcase classname="com.ripplestreet.AllGetApis.CommunityControllerGetApi" name="getUserListByFilters" time="14.026"/>
  <system-out/>
  <testcase classname="com.ripplestreet.AllGetApis.CommunityControllerGetApi" name="getUserParticipationBits" time="1.824"/>
  <system-out/>
  <testcase classname="com.ripplestreet.AllGetApis.CommunityControllerGetApi" name="getUserProfile" time="1.725"/>
  <system-out/>
  <testcase classname="com.ripplestreet.AllGetApis.CommunityControllerGetApi" name="getUserDetails" time="1.651"/>
  <system-out/>
</testsuite> <!-- com.ripplestreet.AllGetApis.CommunityControllerGetApi -->
