<?xml version="1.0" encoding="UTF-8"?>
<!-- Generated by org.testng.reporters.JUnitReportReporter -->
<testsuite hostname="LAPTOP-MC4R20CB" failures="0" tests="1" name="com.ripplestreet.FilterApis.GameControllerFiltersGetApi" time="9.223" errors="0" timestamp="2023-07-21T14:11:38 IST" skipped="0">
  <testcase classname="com.ripplestreet.FilterApis.GameControllerFiltersGetApi" name="getAllgames" time="9.223"/>
  <system-out/>
</testsuite> <!-- com.ripplestreet.FilterApis.GameControllerFiltersGetApi -->
