<?xml version="1.0" encoding="UTF-8"?>
<!-- Generated by org.testng.reporters.JUnitReportReporter -->
<testsuite hostname="LAPTOP-MC4R20CB" failures="0" tests="1" name="com.ripplestreet.AllPutApis.RewardPreferencePutApi" time="1.611" errors="0" timestamp="2023-07-21T12:42:08 IST" skipped="0">
  <testcase classname="com.ripplestreet.AllPutApis.RewardPreferencePutApi" name="updaterewardPreference" time="1.611"/>
  <system-out/>
</testsuite> <!-- com.ripplestreet.AllPutApis.RewardPreferencePutApi -->
