<?xml version="1.0" encoding="UTF-8"?>
<!-- Generated by org.testng.reporters.JUnitReportReporter -->
<testsuite hostname="LAPTOP-MC4R20CB" failures="0" tests="4" name="com.ripplestreet.AllGetApis.GameControllerGetApi" time="6.626" errors="0" timestamp="2023-07-21T12:42:08 IST" skipped="0">
  <testcase classname="com.ripplestreet.AllGetApis.GameControllerGetApi" name="getAllgames" time="1.557"/>
  <system-out/>
  <testcase classname="com.ripplestreet.AllGetApis.GameControllerGetApi" name="getGameBygameId" time="1.668"/>
  <system-out/>
  <testcase classname="com.ripplestreet.AllGetApis.GameControllerGetApi" name="GetGameTrackerRedisObjByGameId" time="1.739"/>
  <system-out/>
  <testcase classname="com.ripplestreet.AllGetApis.GameControllerGetApi" name="getWinningoptionBasedOnTheProbability" time="1.662"/>
  <system-out/>
</testsuite> <!-- com.ripplestreet.AllGetApis.GameControllerGetApi -->
