<?xml version="1.0" encoding="UTF-8"?>
<!-- Generated by org.testng.reporters.JUnitReportReporter -->
<testsuite hostname="LAPTOP-MC4R20CB" failures="0" tests="5" name="com.ripplestreet.AllGetApis.EventFeedControllerGetApi" time="23.200" errors="0" timestamp="2023-07-24T13:06:09 IST" skipped="0">
  <testcase classname="com.ripplestreet.AllGetApis.EventFeedControllerGetApi" name="getFeedInfoById" time="1.340"/>
  <system-out/>
  <testcase classname="com.ripplestreet.AllGetApis.EventFeedControllerGetApi" name="getCommentFeedByEventId" time="9.020"/>
  <system-out/>
  <testcase classname="com.ripplestreet.AllGetApis.EventFeedControllerGetApi" name="getAllFeedsForEvent" time="7.191"/>
  <system-out/>
  <testcase classname="com.ripplestreet.AllGetApis.EventFeedControllerGetApi" name="getPhotoFeedByEventId" time="1.380"/>
  <system-out/>
  <testcase classname="com.ripplestreet.AllGetApis.EventFeedControllerGetApi" name="getReviewFeedByEventId" time="4.269"/>
  <system-out/>
</testsuite> <!-- com.ripplestreet.AllGetApis.EventFeedControllerGetApi -->
