<?xml version="1.0" encoding="UTF-8"?>
<!-- Generated by org.testng.reporters.JUnitReportReporter -->
<testsuite hostname="LAPTOP-MC4R20CB" failures="0" tests="1" name="com.ripplestreet.AllGetApis.MobileAppEventControllerGetApi" time="1.718" errors="0" timestamp="2023-08-18T15:30:30 IST" skipped="0">
  <testcase classname="com.ripplestreet.AllGetApis.MobileAppEventControllerGetApi" name="discovermobileEvents" time="1.718"/>
</testsuite> <!-- com.ripplestreet.AllGetApis.MobileAppEventControllerGetApi -->
