<?xml version="1.0" encoding="UTF-8"?>
<!-- Generated by org.testng.reporters.JUnitReportReporter -->
<testsuite hostname="LAPTOP-MC4R20CB" failures="0" tests="1" name="com.ripplestreet.FilterApis.JobControllerFilterGetApi" time="26.703" errors="0" timestamp="2023-07-25T10:29:11 IST" skipped="0">
  <testcase classname="com.ripplestreet.FilterApis.JobControllerFilterGetApi" name="getListofJobsOfSourecType" time="26.703"/>
  <system-out/>
</testsuite> <!-- com.ripplestreet.FilterApis.JobControllerFilterGetApi -->
