<?xml version="1.0" encoding="UTF-8"?>
<!-- Generated by org.testng.reporters.JUnitReportReporter -->
<testsuite hostname="LAPTOP-MC4R20CB" failures="0" tests="5" name="com.ripplestreet.AllGetApis.EventDetailControllerGetApi" time="7.959" errors="0" timestamp="2023-08-18T15:30:30 IST" skipped="0">
  <testcase classname="com.ripplestreet.AllGetApis.EventDetailControllerGetApi" name="getBasicEventDetailByEventID" time="1.686"/>
  <testcase classname="com.ripplestreet.AllGetApis.EventDetailControllerGetApi" name="findAllmileStonesByEvent" time="1.672"/>
  <testcase classname="com.ripplestreet.AllGetApis.EventDetailControllerGetApi" name="findMileStoneById" time="1.565"/>
  <testcase classname="com.ripplestreet.AllGetApis.EventDetailControllerGetApi" name="getListoftargetsByEventId" time="1.593"/>
  <testcase classname="com.ripplestreet.AllGetApis.EventDetailControllerGetApi" name="findAllMilestonesTypeByEventtypes" time="1.443"/>
</testsuite> <!-- com.ripplestreet.AllGetApis.EventDetailControllerGetApi -->
