<?xml version="1.0" encoding="UTF-8"?>
<!-- Generated by org.testng.reporters.JUnitReportReporter -->
<testsuite hostname="LAPTOP-MC4R20CB" failures="0" tests="1" name="com.ripplestreet.AllPutApis.CampaignControllerPutApi" time="2.525" errors="0" timestamp="2023-08-16T14:38:32 IST" skipped="0">
  <testcase classname="com.ripplestreet.AllPutApis.CampaignControllerPutApi" name="updateCampaign" time="2.525"/>
</testsuite> <!-- com.ripplestreet.AllPutApis.CampaignControllerPutApi -->
