<?xml version="1.0" encoding="UTF-8"?>
<!-- Generated by org.testng.reporters.JUnitReportReporter -->
<testsuite hostname="LAPTOP-MC4R20CB" failures="0" tests="2" name="com.ripplestreet.AllGetApis.jobControllerGetApi" time="3.237" errors="0" timestamp="2023-07-21T12:42:08 IST" skipped="0">
  <testcase classname="com.ripplestreet.AllGetApis.jobControllerGetApi" name="getAllJobByTypeAndId" time="1.646"/>
  <system-out/>
  <testcase classname="com.ripplestreet.AllGetApis.jobControllerGetApi" name="getAllListOfJobsBySourcetype" time="1.591"/>
  <system-out/>
</testsuite> <!-- com.ripplestreet.AllGetApis.jobControllerGetApi -->
