<?xml version="1.0" encoding="UTF-8"?>
<!-- Generated by org.testng.reporters.JUnitReportReporter -->
<testsuite hostname="LAPTOP-MC4R20CB" failures="0" tests="2" name="com.ripplestreet.AllGetApis.EnrollmentControllerGetApi" time="3.633" errors="0" timestamp="2023-07-21T12:42:08 IST" skipped="0">
  <testcase classname="com.ripplestreet.AllGetApis.EnrollmentControllerGetApi" name="EnrollmentList" time="1.893"/>
  <system-out/>
  <testcase classname="com.ripplestreet.AllGetApis.EnrollmentControllerGetApi" name="GetUserEnrollments" time="1.740"/>
  <system-out/>
</testsuite> <!-- com.ripplestreet.AllGetApis.EnrollmentControllerGetApi -->
