<?xml version="1.0" encoding="UTF-8"?>
<!-- Generated by org.testng.reporters.JUnitReportReporter -->
<testsuite hostname="LAPTOP-MC4R20CB" failures="0" tests="2" name="com.ripplestreet.AllGetApis.OptinInflightActivationControllerGetApi" time="3.179" errors="0" timestamp="2023-07-21T12:42:08 IST" skipped="0">
  <testcase classname="com.ripplestreet.AllGetApis.OptinInflightActivationControllerGetApi" name="getListOfAllocationTransientRecordByEventId" time="1.525"/>
  <system-out/>
  <testcase classname="com.ripplestreet.AllGetApis.OptinInflightActivationControllerGetApi" name="getAllocationTransientRecordByEventIdAndPersonId" time="1.654"/>
  <system-out/>
</testsuite> <!-- com.ripplestreet.AllGetApis.OptinInflightActivationControllerGetApi -->
