<?xml version="1.0" encoding="UTF-8"?>
<!-- Generated by org.testng.reporters.JUnitReportReporter -->
<testsuite hostname="LAPTOP-MC4R20CB" failures="0" tests="4" name="com.ripplestreet.AllPostApis.UGCControllerPostApi" time="7.450" errors="0" timestamp="2023-08-09T18:29:28 IST" skipped="0">
  <testcase classname="com.ripplestreet.AllPostApis.UGCControllerPostApi" name="uploadComplents" time="1.529"/>
  <testcase classname="com.ripplestreet.AllPostApis.UGCControllerPostApi" name="getUgcListByfilters" time="1.601"/>
  <testcase classname="com.ripplestreet.AllPostApis.UGCControllerPostApi" name="getAssestById" time="1.622"/>
  <testcase classname="com.ripplestreet.AllPostApis.UGCControllerPostApi" name="imagerecognition" time="2.698"/>
</testsuite> <!-- com.ripplestreet.AllPostApis.UGCControllerPostApi -->
