<?xml version="1.0" encoding="UTF-8"?>
<!-- Generated by org.testng.reporters.JUnitReportReporter -->
<testsuite hostname="LAPTOP-MC4R20CB" failures="0" tests="1" name="com.ripplestreet.AllPutApis.JobsControllerPutApi" time="2.998" errors="0" timestamp="2023-08-16T16:43:28 IST" skipped="0">
  <testcase classname="com.ripplestreet.AllPutApis.JobsControllerPutApi" name="updateJob" time="2.998"/>
</testsuite> <!-- com.ripplestreet.AllPutApis.JobsControllerPutApi -->
