<?xml version="1.0" encoding="UTF-8"?>
<!-- Generated by org.testng.reporters.JUnitReportReporter -->
<testsuite hostname="LAPTOP-MC4R20CB" failures="0" tests="3" name="com.ripplestreet.AllGetApis.userFamilyControllerGetApi" time="5.010" errors="0" timestamp="2023-08-18T15:30:30 IST" skipped="0">
  <testcase classname="com.ripplestreet.AllGetApis.userFamilyControllerGetApi" name="getUserChildern" time="1.630"/>
  <testcase classname="com.ripplestreet.AllGetApis.userFamilyControllerGetApi" name="getAllPetTypes" time="1.768"/>
  <testcase classname="com.ripplestreet.AllGetApis.userFamilyControllerGetApi" name="getAllPetsForUser" time="1.612"/>
</testsuite> <!-- com.ripplestreet.AllGetApis.userFamilyControllerGetApi -->
