<?xml version="1.0" encoding="UTF-8"?>
<!-- Generated by org.testng.reporters.JUnitReportReporter -->
<testsuite hostname="LAPTOP-MC4R20CB" failures="0" tests="8" name="com.ripplestreet.AllGetApis.CreativeControllerGetApi" time="12.747" errors="0" timestamp="2023-08-18T15:30:30 IST" skipped="0">
  <testcase classname="com.ripplestreet.AllGetApis.CreativeControllerGetApi" name="findHeroPlaylistById" time="1.618"/>
  <testcase classname="com.ripplestreet.AllGetApis.CreativeControllerGetApi" name="findAllHeroPlaylistByModelId" time="1.654"/>
  <testcase classname="com.ripplestreet.AllGetApis.CreativeControllerGetApi" name="getBannerByEventIdandId" time="1.532"/>
  <testcase classname="com.ripplestreet.AllGetApis.CreativeControllerGetApi" name="getFavorByEventIdAndId" time="1.553"/>
  <testcase classname="com.ripplestreet.AllGetApis.CreativeControllerGetApi" name="finAllBannerByEventId" time="1.622"/>
  <testcase classname="com.ripplestreet.AllGetApis.CreativeControllerGetApi" name="FinfAllfavousByEventId" time="1.673"/>
  <testcase classname="com.ripplestreet.AllGetApis.CreativeControllerGetApi" name="FindHeroplaylistitemById" time="1.597"/>
  <testcase classname="com.ripplestreet.AllGetApis.CreativeControllerGetApi" name="findAllHeroPlaylistItemsByPlayListId" time="1.498"/>
</testsuite> <!-- com.ripplestreet.AllGetApis.CreativeControllerGetApi -->
