<?xml version="1.0" encoding="UTF-8"?>
<!-- Generated by org.testng.reporters.JUnitReportReporter -->
<testsuite hostname="LAPTOP-MC4R20CB" failures="0" tests="5" name="com.ripplestreet.AllGetApis.EventFeedControllerGetApi" time="22.468" errors="0" timestamp="2023-07-21T12:42:07 IST" skipped="0">
  <testcase classname="com.ripplestreet.AllGetApis.EventFeedControllerGetApi" name="getFeedInfoById" time="1.274"/>
  <system-out/>
  <testcase classname="com.ripplestreet.AllGetApis.EventFeedControllerGetApi" name="getCommentFeedByEventId" time="7.318"/>
  <system-out/>
  <testcase classname="com.ripplestreet.AllGetApis.EventFeedControllerGetApi" name="getAllFeedsForEvent" time="7.644"/>
  <system-out/>
  <testcase classname="com.ripplestreet.AllGetApis.EventFeedControllerGetApi" name="getPhotoFeedByEventId" time="1.742"/>
  <system-out/>
  <testcase classname="com.ripplestreet.AllGetApis.EventFeedControllerGetApi" name="getReviewFeedByEventId" time="4.490"/>
  <system-out/>
</testsuite> <!-- com.ripplestreet.AllGetApis.EventFeedControllerGetApi -->
