<?xml version="1.0" encoding="UTF-8"?>
<!-- Generated by org.testng.reporters.JUnitReportReporter -->
<testsuite hostname="LAPTOP-MC4R20CB" failures="0" tests="1" name="com.ripplestreet.AllPostApis.CommunityControllerPostApi" time="2.280" errors="0" timestamp="2023-08-14T10:28:25 IST" skipped="0">
  <testcase classname="com.ripplestreet.AllPostApis.CommunityControllerPostApi" name="adminupdateuserProfile" time="2.280"/>
</testsuite> <!-- com.ripplestreet.AllPostApis.CommunityControllerPostApi -->
