<?xml version="1.0" encoding="UTF-8"?>
<!-- Generated by org.testng.reporters.JUnitReportReporter -->
<testsuite hostname="LAPTOP-MC4R20CB" failures="0" tests="2" name="com.ripplestreet.AllPostApis.EventControllerPostApi" time="5.980" errors="0" timestamp="2023-07-25T12:57:43 IST" skipped="0">
  <testcase classname="com.ripplestreet.AllPostApis.EventControllerPostApi" name="getEventById" time="2.388"/>
  <system-out/>
  <testcase classname="com.ripplestreet.AllPostApis.EventControllerPostApi" name="creatEventSubscription" time="3.592"/>
  <system-out/>
</testsuite> <!-- com.ripplestreet.AllPostApis.EventControllerPostApi -->
