<?xml version="1.0" encoding="UTF-8"?>
<!-- Generated by org.testng.reporters.JUnitReportReporter -->
<testsuite hostname="LAPTOP-MC4R20CB" failures="0" tests="2" name="com.ripplestreet.AllGetApis.DiscussionControllerGetApi" time="2.789" errors="0" timestamp="2023-07-24T13:06:09 IST" skipped="0">
  <testcase classname="com.ripplestreet.AllGetApis.DiscussionControllerGetApi" name="getDiscussionListByFilters" time="1.440"/>
  <system-out/>
  <testcase classname="com.ripplestreet.AllGetApis.DiscussionControllerGetApi" name="getDiscussion" time="1.349"/>
  <system-out/>
</testsuite> <!-- com.ripplestreet.AllGetApis.DiscussionControllerGetApi -->
