<?xml version="1.0" encoding="UTF-8"?>
<!-- Generated by org.testng.reporters.JUnitReportReporter -->
<testsuite hostname="LAPTOP-MC4R20CB" failures="0" tests="1" name="com.ripplestreet.FilterApis.SponsorControlletFiltersGetApi" time="10.881" errors="0" timestamp="2023-07-21T14:40:07 IST" skipped="0">
  <testcase classname="com.ripplestreet.FilterApis.SponsorControlletFiltersGetApi" name="getAllSponsors" time="10.881"/>
  <system-out/>
</testsuite> <!-- com.ripplestreet.FilterApis.SponsorControlletFiltersGetApi -->
