<?xml version="1.0" encoding="UTF-8"?>
<!-- Generated by org.testng.reporters.JUnitReportReporter -->
<testsuite hostname="LAPTOP-MC4R20CB" failures="0" tests="2" name="com.ripplestreet.AllGetApis.AgencyControllerGetApi" time="4.755" errors="0" timestamp="2023-07-25T10:48:50 IST" skipped="0">
  <testcase classname="com.ripplestreet.AllGetApis.AgencyControllerGetApi" name="findAllAgencies" time="2.486"/>
  <system-out/>
  <testcase classname="com.ripplestreet.AllGetApis.AgencyControllerGetApi" name="getAgencyById" time="2.269"/>
  <system-out/>
</testsuite> <!-- com.ripplestreet.AllGetApis.AgencyControllerGetApi -->
