<?xml version="1.0" encoding="UTF-8"?>
<!-- Generated by org.testng.reporters.JUnitReportReporter -->
<testsuite hostname="LAPTOP-MC4R20CB" failures="0" tests="3" name="com.ripplestreet.AllPutApis.FAQSControllerPutApi" time="5.235" errors="0" timestamp="2023-07-21T12:42:08 IST" skipped="0">
  <testcase classname="com.ripplestreet.AllPutApis.FAQSControllerPutApi" name="updateFAQ" time="1.797"/>
  <system-out/>
  <testcase classname="com.ripplestreet.AllPutApis.FAQSControllerPutApi" name="updateFAQTopicItems" time="1.648"/>
  <system-out/>
  <testcase classname="com.ripplestreet.AllPutApis.FAQSControllerPutApi" name="updateFAQTopics" time="1.790"/>
  <system-out/>
</testsuite> <!-- com.ripplestreet.AllPutApis.FAQSControllerPutApi -->
