<?xml version="1.0" encoding="UTF-8"?>
<!-- Generated by org.testng.reporters.JUnitReportReporter -->
<testsuite hostname="LAPTOP-MC4R20CB" failures="0" tests="2" name="com.ripplestreet.AllGetApis.DraftEventControllerGetApi" time="3.264" errors="0" timestamp="2023-08-18T15:30:29 IST" skipped="0">
  <testcase classname="com.ripplestreet.AllGetApis.DraftEventControllerGetApi" name="getListOfEventsBycampaignId" time="1.547"/>
  <testcase classname="com.ripplestreet.AllGetApis.DraftEventControllerGetApi" name="getDraftEventByEventId" time="1.717"/>
</testsuite> <!-- com.ripplestreet.AllGetApis.DraftEventControllerGetApi -->
