<?xml version="1.0" encoding="UTF-8"?>
<!-- Generated by org.testng.reporters.JUnitReportReporter -->
<testsuite hostname="LAPTOP-MC4R20CB" failures="0" tests="2" name="com.ripplestreet.AllGetApis.EnrollmentControllerGetApi" time="3.154" errors="0" timestamp="2023-08-18T15:30:30 IST" skipped="0">
  <testcase classname="com.ripplestreet.AllGetApis.EnrollmentControllerGetApi" name="EnrollmentList" time="1.644"/>
  <testcase classname="com.ripplestreet.AllGetApis.EnrollmentControllerGetApi" name="GetUserEnrollments" time="1.510"/>
</testsuite> <!-- com.ripplestreet.AllGetApis.EnrollmentControllerGetApi -->
