<?xml version="1.0" encoding="UTF-8"?>
<!-- Generated by org.testng.reporters.JUnitReportReporter -->
<testsuite hostname="LAPTOP-MC4R20CB" failures="0" tests="3" name="com.ripplestreet.AllPutApis.RewardAllocationControllerPutApi" time="5.148" errors="0" timestamp="2023-07-21T12:42:08 IST" skipped="0">
  <testcase classname="com.ripplestreet.AllPutApis.RewardAllocationControllerPutApi" name="UpdateAllocatedRewardItemStatus" time="1.715"/>
  <system-out/>
  <testcase classname="com.ripplestreet.AllPutApis.RewardAllocationControllerPutApi" name="UpdateAllocatedRewardItemToReadyForDelevery" time="1.826"/>
  <system-out/>
  <testcase classname="com.ripplestreet.AllPutApis.RewardAllocationControllerPutApi" name="updateRewarditemAllocation" time="1.607"/>
  <system-out/>
</testsuite> <!-- com.ripplestreet.AllPutApis.RewardAllocationControllerPutApi -->
