<?xml version="1.0" encoding="UTF-8"?>
<!-- Generated by org.testng.reporters.JUnitReportReporter -->
<testsuite hostname="LAPTOP-MC4R20CB" failures="0" tests="2" name="com.ripplestreet.AllGetApis.EnrollmentControllerGetApi" time="2.890" errors="0" timestamp="2023-07-24T13:06:09 IST" skipped="0">
  <testcase classname="com.ripplestreet.AllGetApis.EnrollmentControllerGetApi" name="EnrollmentList" time="1.416"/>
  <system-out/>
  <testcase classname="com.ripplestreet.AllGetApis.EnrollmentControllerGetApi" name="GetUserEnrollments" time="1.474"/>
  <system-out/>
</testsuite> <!-- com.ripplestreet.AllGetApis.EnrollmentControllerGetApi -->
