<?xml version="1.0" encoding="UTF-8"?>
<!-- Generated by org.testng.reporters.JUnitReportReporter -->
<testsuite hostname="LAPTOP-MC4R20CB" failures="0" tests="4" name="com.ripplestreet.AllGetApis.GameControllerGetApi" time="5.758" errors="0" timestamp="2023-07-24T13:06:09 IST" skipped="0">
  <testcase classname="com.ripplestreet.AllGetApis.GameControllerGetApi" name="getAllgames" time="1.447"/>
  <system-out/>
  <testcase classname="com.ripplestreet.AllGetApis.GameControllerGetApi" name="getGameBygameId" time="1.503"/>
  <system-out/>
  <testcase classname="com.ripplestreet.AllGetApis.GameControllerGetApi" name="GetGameTrackerRedisObjByGameId" time="1.394"/>
  <system-out/>
  <testcase classname="com.ripplestreet.AllGetApis.GameControllerGetApi" name="getWinningoptionBasedOnTheProbability" time="1.414"/>
  <system-out/>
</testsuite> <!-- com.ripplestreet.AllGetApis.GameControllerGetApi -->
