<?xml version="1.0" encoding="UTF-8"?>
<!-- Generated by org.testng.reporters.JUnitReportReporter -->
<testsuite hostname="LAPTOP-MC4R20CB" failures="0" tests="3" name="com.ripplestreet.AllGetApis.OptInsControllerGetApi" time="6.229" errors="0" timestamp="2023-08-18T15:30:29 IST" skipped="0">
  <testcase classname="com.ripplestreet.AllGetApis.OptInsControllerGetApi" name="getListOptInByEventId" time="2.051"/>
  <testcase classname="com.ripplestreet.AllGetApis.OptInsControllerGetApi" name="GetRewardCountByEventIdAndPreferenceforPerson" time="2.230"/>
  <testcase classname="com.ripplestreet.AllGetApis.OptInsControllerGetApi" name="getOptInById" time="1.948"/>
</testsuite> <!-- com.ripplestreet.AllGetApis.OptInsControllerGetApi -->
