<?xml version="1.0" encoding="UTF-8"?>
<!-- Generated by org.testng.reporters.JUnitReportReporter -->
<testsuite hostname="LAPTOP-MC4R20CB" failures="0" tests="1" name="com.ripplestreet.AllPutApis.JobsControllerPutApi" time="1.687" errors="0" timestamp="2023-07-21T12:42:08 IST" skipped="0">
  <testcase classname="com.ripplestreet.AllPutApis.JobsControllerPutApi" name="updateJob" time="1.687"/>
  <system-out/>
</testsuite> <!-- com.ripplestreet.AllPutApis.JobsControllerPutApi -->
