<?xml version="1.0" encoding="UTF-8"?>
<!-- Generated by org.testng.reporters.JUnitReportReporter -->
<testsuite hostname="LAPTOP-MC4R20CB" failures="0" tests="2" name="com.ripplestreet.AllGetApis.jobControllerGetApi" time="2.930" errors="0" timestamp="2023-07-24T13:06:09 IST" skipped="0">
  <testcase classname="com.ripplestreet.AllGetApis.jobControllerGetApi" name="getAllJobByTypeAndId" time="1.351"/>
  <system-out/>
  <testcase classname="com.ripplestreet.AllGetApis.jobControllerGetApi" name="getAllListOfJobsBySourcetype" time="1.579"/>
  <system-out/>
</testsuite> <!-- com.ripplestreet.AllGetApis.jobControllerGetApi -->
