<?xml version="1.0" encoding="UTF-8"?>
<!-- Generated by org.testng.reporters.JUnitReportReporter -->
<testsuite hostname="LAPTOP-MC4R20CB" failures="0" tests="3" name="com.ripplestreet.AllGetApis.ReviewControllerGetApi" time="5.169" errors="0" timestamp="2023-07-21T12:42:08 IST" skipped="0">
  <testcase classname="com.ripplestreet.AllGetApis.ReviewControllerGetApi" name="getExternalReview" time="1.804"/>
  <system-out/>
  <testcase classname="com.ripplestreet.AllGetApis.ReviewControllerGetApi" name="getReviewsByTaskId" time="1.513"/>
  <system-out/>
  <testcase classname="com.ripplestreet.AllGetApis.ReviewControllerGetApi" name="getReview" time="1.852"/>
  <system-out/>
</testsuite> <!-- com.ripplestreet.AllGetApis.ReviewControllerGetApi -->
