<?xml version="1.0" encoding="UTF-8"?>
<!-- Generated by org.testng.reporters.JUnitReportReporter -->
<testsuite hostname="LAPTOP-MC4R20CB" failures="0" tests="6" name="com.ripplestreet.AllGetApis.NotificationControllerGetApi" time="10.013" errors="0" timestamp="2023-07-21T12:42:08 IST" skipped="0">
  <testcase classname="com.ripplestreet.AllGetApis.NotificationControllerGetApi" name="isEmailExistInSuppressionList" time="1.666"/>
  <system-out/>
  <testcase classname="com.ripplestreet.AllGetApis.NotificationControllerGetApi" name="getAllNotification" time="1.725"/>
  <system-out/>
  <testcase classname="com.ripplestreet.AllGetApis.NotificationControllerGetApi" name="GetCampaignByNotificationId" time="1.712"/>
  <system-out/>
  <testcase classname="com.ripplestreet.AllGetApis.NotificationControllerGetApi" name="GetStatusByNotificationId" time="1.645"/>
  <system-out/>
  <testcase classname="com.ripplestreet.AllGetApis.NotificationControllerGetApi" name="SearchCampaignforNotification" time="1.516"/>
  <system-out/>
  <testcase classname="com.ripplestreet.AllGetApis.NotificationControllerGetApi" name="GetKPIMatrixByCampaignId" time="1.749"/>
  <system-out/>
</testsuite> <!-- com.ripplestreet.AllGetApis.NotificationControllerGetApi -->
