<?xml version="1.0" encoding="UTF-8"?>
<!-- Generated by org.testng.reporters.JUnitReportReporter -->
<testsuite hostname="LAPTOP-MC4R20CB" failures="0" tests="3" name="com.ripplestreet.AllPostApis.EventFeedControllerPostApi" time="9.406" errors="0" timestamp="2023-08-09T18:29:28 IST" skipped="0">
  <testcase classname="com.ripplestreet.AllPostApis.EventFeedControllerPostApi" name="getIfFeedAreReportedAndLikedByUserId" time="5.019"/>
  <testcase classname="com.ripplestreet.AllPostApis.EventFeedControllerPostApi" name="getFeedComments" time="2.623"/>
  <testcase classname="com.ripplestreet.AllPostApis.EventFeedControllerPostApi" name="reportFeedById" time="1.764"/>
</testsuite> <!-- com.ripplestreet.AllPostApis.EventFeedControllerPostApi -->
