<?xml version="1.0" encoding="UTF-8"?>
<!-- Generated by org.testng.reporters.JUnitReportReporter -->
<testsuite hostname="LAPTOP-MC4R20CB" failures="0" tests="2" name="com.ripplestreet.AllGetApis.RoleControllerGetApi" time="2.832" errors="0" timestamp="2023-07-24T13:06:09 IST" skipped="0">
  <testcase classname="com.ripplestreet.AllGetApis.RoleControllerGetApi" name="getLlistOfPeopleByRoleID" time="1.412"/>
  <system-out/>
  <testcase classname="com.ripplestreet.AllGetApis.RoleControllerGetApi" name="getListOfRoles" time="1.420"/>
  <system-out/>
</testsuite> <!-- com.ripplestreet.AllGetApis.RoleControllerGetApi -->
