<?xml version="1.0" encoding="UTF-8"?>
<!-- Generated by org.testng.reporters.JUnitReportReporter -->
<testsuite hostname="LAPTOP-MC4R20CB" failures="0" tests="2" name="com.ripplestreet.AllPostApis.CommunityExportControllerPostApi" time="5.877" errors="0" timestamp="2023-07-25T12:59:57 IST" skipped="0">
  <testcase classname="com.ripplestreet.AllPostApis.CommunityExportControllerPostApi" name="communityExport" time="2.345"/>
  <system-out/>
  <testcase classname="com.ripplestreet.AllPostApis.CommunityExportControllerPostApi" name="AudienceExport" time="3.532"/>
  <system-out/>
</testsuite> <!-- com.ripplestreet.AllPostApis.CommunityExportControllerPostApi -->
