<?xml version="1.0" encoding="UTF-8"?>
<!-- Generated by org.testng.reporters.JUnitReportReporter -->
<testsuite hostname="LAPTOP-MC4R20CB" failures="0" tests="2" name="com.ripplestreet.AllGetApis.AudiencePromotionControllerGetApi" time="3.734" errors="0" timestamp="2023-07-21T12:42:08 IST" skipped="0">
  <testcase classname="com.ripplestreet.AllGetApis.AudiencePromotionControllerGetApi" name="getListOfAudiencePromotionJobsByEventId" time="1.942"/>
  <system-out/>
  <testcase classname="com.ripplestreet.AllGetApis.AudiencePromotionControllerGetApi" name="getListOfInviteOnlyUsersByEventId" time="1.792"/>
  <system-out/>
</testsuite> <!-- com.ripplestreet.AllGetApis.AudiencePromotionControllerGetApi -->
