<?xml version="1.0" encoding="UTF-8"?>
<!-- Generated by org.testng.reporters.JUnitReportReporter -->
<testsuite hostname="LAPTOP-MC4R20CB" failures="0" tests="2" name="com.ripplestreet.AllGetApis.MobileCommunityControllerGetApi" time="3.286" errors="0" timestamp="2023-08-18T15:30:30 IST" skipped="0">
  <testcase classname="com.ripplestreet.AllGetApis.MobileCommunityControllerGetApi" name="getAllEventsByUserAndParticipantTypeApplicant" time="1.653"/>
  <testcase classname="com.ripplestreet.AllGetApis.MobileCommunityControllerGetApi" name="getActiveEventsDetailForUser" time="1.633"/>
</testsuite> <!-- com.ripplestreet.AllGetApis.MobileCommunityControllerGetApi -->
