<?xml version="1.0" encoding="UTF-8"?>
<!-- Generated by org.testng.reporters.JUnitReportReporter -->
<testsuite hostname="LAPTOP-MC4R20CB" failures="0" tests="2" name="com.ripplestreet.AllGetApis.TremendouesControllerGetApi" time="3.343" errors="0" timestamp="2023-07-24T13:06:09 IST" skipped="0">
  <testcase classname="com.ripplestreet.AllGetApis.TremendouesControllerGetApi" name="getTremendousCampaigns" time="1.741"/>
  <system-out/>
  <testcase classname="com.ripplestreet.AllGetApis.TremendouesControllerGetApi" name="getTremendousFundingSources" time="1.602"/>
  <system-out/>
</testsuite> <!-- com.ripplestreet.AllGetApis.TremendouesControllerGetApi -->
