<?xml version="1.0" encoding="UTF-8"?>
<!-- Generated by org.testng.reporters.JUnitReportReporter -->
<testsuite hostname="LAPTOP-MC4R20CB" failures="0" tests="1" name="com.ripplestreet.FilterApis.MobileAppEventFilterControllerGetApi" time="7.730" errors="0" timestamp="2023-08-16T10:46:39 IST" skipped="0">
  <testcase classname="com.ripplestreet.FilterApis.MobileAppEventFilterControllerGetApi" name="discoverMobileEvent" time="7.730"/>
</testsuite> <!-- com.ripplestreet.FilterApis.MobileAppEventFilterControllerGetApi -->
