<?xml version="1.0" encoding="UTF-8"?>
<!-- Generated by org.testng.reporters.JUnitReportReporter -->
<testsuite hostname="LAPTOP-MC4R20CB" failures="0" tests="2" name="com.ripplestreet.AllPutApis.ActivityControllerPutApi" time="3.506" errors="0" timestamp="2023-07-24T13:06:09 IST" skipped="0">
  <testcase classname="com.ripplestreet.AllPutApis.ActivityControllerPutApi" name="UpdateActivity" time="1.766"/>
  <system-out/>
  <testcase classname="com.ripplestreet.AllPutApis.ActivityControllerPutApi" name="ReopenActivity" time="1.740"/>
  <system-out/>
</testsuite> <!-- com.ripplestreet.AllPutApis.ActivityControllerPutApi -->
