<?xml version="1.0" encoding="UTF-8"?>
<!-- Generated by org.testng.reporters.JUnitReportReporter -->
<testsuite hostname="LAPTOP-MC4R20CB" failures="0" tests="1" name="com.ripplestreet.AllGetApis.SegmentationJobsControllerGetApi" time="1.957" errors="0" timestamp="2023-08-18T15:30:29 IST" skipped="0">
  <testcase classname="com.ripplestreet.AllGetApis.SegmentationJobsControllerGetApi" name="getAllSegmentJobsForSegmentId" time="1.957"/>
</testsuite> <!-- com.ripplestreet.AllGetApis.SegmentationJobsControllerGetApi -->
