<?xml version="1.0" encoding="UTF-8"?>
<!-- Generated by org.testng.reporters.JUnitReportReporter -->
<testsuite hostname="LAPTOP-MC4R20CB" failures="0" tests="2" name="com.ripplestreet.AllPutApis.ReceiptControllerPutApi" time="2.971" errors="0" timestamp="2023-07-24T13:06:09 IST" skipped="0">
  <testcase classname="com.ripplestreet.AllPutApis.ReceiptControllerPutApi" name="UpdateReceiptDatarecorder" time="1.509"/>
  <system-out/>
  <testcase classname="com.ripplestreet.AllPutApis.ReceiptControllerPutApi" name="UpdateAreceiptRecord" time="1.462"/>
  <system-out/>
</testsuite> <!-- com.ripplestreet.AllPutApis.ReceiptControllerPutApi -->
