<?xml version="1.0" encoding="UTF-8"?>
<!-- Generated by org.testng.reporters.JUnitReportReporter -->
<testsuite hostname="LAPTOP-MC4R20CB" failures="0" tests="1" name="com.ripplestreet.AllPostApis.AudiencepromationConytrollerPostApi" time="4.250" errors="0" timestamp="2023-07-25T12:54:42 IST" skipped="0">
  <testcase classname="com.ripplestreet.AllPostApis.AudiencepromationConytrollerPostApi" name="audienceAddPromoteFileProcess" time="4.250"/>
  <system-out/>
</testsuite> <!-- com.ripplestreet.AllPostApis.AudiencepromationConytrollerPostApi -->
