<?xml version="1.0" encoding="UTF-8"?>
<!-- Generated by org.testng.reporters.JUnitReportReporter -->
<testsuite hostname="LAPTOP-MC4R20CB" failures="0" tests="1" name="com.ripplestreet.FilterApis.EventControllerGetApi" time="6.338" errors="0" timestamp="2023-07-17T15:44:38 IST" skipped="0">
  <testcase classname="com.ripplestreet.FilterApis.EventControllerGetApi" name="DiscoverEventFilters" time="6.338"/>
  <system-out/>
</testsuite> <!-- com.ripplestreet.FilterApis.EventControllerGetApi -->
