<?xml version="1.0" encoding="UTF-8"?>
<!-- Generated by org.testng.reporters.JUnitReportReporter -->
<testsuite hostname="LAPTOP-MC4R20CB" failures="0" tests="1" name="com.ripplestreet.FilterApis.CommunityServiceFiltersgetApi" time="10.871" errors="0" timestamp="2023-07-21T14:07:53 IST" skipped="0">
  <testcase classname="com.ripplestreet.FilterApis.CommunityServiceFiltersgetApi" name="getAllAdressEntriesByPersonId" time="10.871"/>
  <system-out/>
</testsuite> <!-- com.ripplestreet.FilterApis.CommunityServiceFiltersgetApi -->
