<?xml version="1.0" encoding="UTF-8"?>
<!-- Generated by org.testng.reporters.JUnitReportReporter -->
<testsuite hostname="LAPTOP-MC4R20CB" failures="0" tests="2" name="com.ripplestreet.AllGetApis.AgencyControllerGetApi" time="3.781" errors="0" timestamp="2023-08-18T15:30:29 IST" skipped="0">
  <testcase classname="com.ripplestreet.AllGetApis.AgencyControllerGetApi" name="findAllAgencies" time="1.940"/>
  <testcase classname="com.ripplestreet.AllGetApis.AgencyControllerGetApi" name="getAgencyById" time="1.841"/>
</testsuite> <!-- com.ripplestreet.AllGetApis.AgencyControllerGetApi -->
