<?xml version="1.0" encoding="UTF-8"?>
<!-- Generated by org.testng.reporters.JUnitReportReporter -->
<testsuite hostname="LAPTOP-MC4R20CB" failures="0" tests="9" name="com.ripplestreet.AllGetApis.CommunityControllerGetApi" time="28.848" errors="0" timestamp="2023-08-18T15:30:30 IST" skipped="0">
  <testcase classname="com.ripplestreet.AllGetApis.CommunityControllerGetApi" name="getAllAddressEntriesByPersonId" time="1.603"/>
  <testcase classname="com.ripplestreet.AllGetApis.CommunityControllerGetApi" name="getAllEventsByUserAndParticipantType" time="1.637"/>
  <testcase classname="com.ripplestreet.AllGetApis.CommunityControllerGetApi" name="getAllUsersByEventAndParticipantType" time="1.632"/>
  <testcase classname="com.ripplestreet.AllGetApis.CommunityControllerGetApi" name="GettingDetailOfHeadHostByPersonId" time="1.664"/>
  <testcase classname="com.ripplestreet.AllGetApis.CommunityControllerGetApi" name="getUserEventParticipationBit" time="1.591"/>
  <testcase classname="com.ripplestreet.AllGetApis.CommunityControllerGetApi" name="getUserListByFilters" time="15.788"/>
  <testcase classname="com.ripplestreet.AllGetApis.CommunityControllerGetApi" name="getUserParticipationBits" time="1.635"/>
  <testcase classname="com.ripplestreet.AllGetApis.CommunityControllerGetApi" name="getUserProfile" time="1.667"/>
  <testcase classname="com.ripplestreet.AllGetApis.CommunityControllerGetApi" name="getUserDetails" time="1.631"/>
</testsuite> <!-- com.ripplestreet.AllGetApis.CommunityControllerGetApi -->
