<?xml version="1.0" encoding="UTF-8"?>
<!-- Generated by org.testng.reporters.JUnitReportReporter -->
<testsuite hostname="LAPTOP-MC4R20CB" failures="0" tests="1" name="com.ripplestreet.AllPutApis.SegmentationFolderControllerPutApi" time="1.794" errors="0" timestamp="2023-08-09T18:29:28 IST" skipped="0">
  <testcase classname="com.ripplestreet.AllPutApis.SegmentationFolderControllerPutApi" name="updateASegementfolder" time="1.794"/>
</testsuite> <!-- com.ripplestreet.AllPutApis.SegmentationFolderControllerPutApi -->
