<?xml version="1.0" encoding="UTF-8"?>
<!-- Generated by org.testng.reporters.JUnitReportReporter -->
<testsuite hostname="LAPTOP-MC4R20CB" failures="0" tests="1" name="com.ripplestreet.FilterApis.SegmentaionDefinitionControllerVersion2FiltersGetApi" time="5.890" errors="0" timestamp="2023-08-14T16:29:15 IST" skipped="0">
  <testcase classname="com.ripplestreet.FilterApis.SegmentaionDefinitionControllerVersion2FiltersGetApi" name="getAllSegments" time="5.890"/>
</testsuite> <!-- com.ripplestreet.FilterApis.SegmentaionDefinitionControllerVersion2FiltersGetApi -->
