<?xml version="1.0" encoding="UTF-8"?>
<!-- Generated by org.testng.reporters.JUnitReportReporter -->
<testsuite hostname="LAPTOP-MC4R20CB" failures="0" tests="1" name="com.ripplestreet.AllPutApis.optInsControllerPutApi" time="1.454" errors="0" timestamp="2023-07-24T13:06:09 IST" skipped="0">
  <testcase classname="com.ripplestreet.AllPutApis.optInsControllerPutApi" name="UpdateOtpIn" time="1.454"/>
  <system-out/>
</testsuite> <!-- com.ripplestreet.AllPutApis.optInsControllerPutApi -->
