<?xml version="1.0" encoding="UTF-8"?>
<!-- Generated by org.testng.reporters.JUnitReportReporter -->
<testsuite hostname="LAPTOP-MC4R20CB" failures="0" tests="1" name="com.ripplestreet.AllPostApis.AudiencepromationControllerPostApi" time="2.768" errors="0" timestamp="2023-08-14T11:31:04 IST" skipped="0">
  <testcase classname="com.ripplestreet.AllPostApis.AudiencepromationControllerPostApi" name="handleRejects" time="2.768"/>
</testsuite> <!-- com.ripplestreet.AllPostApis.AudiencepromationControllerPostApi -->
