<?xml version="1.0" encoding="UTF-8"?>
<!-- Generated by org.testng.reporters.JUnitReportReporter -->
<testsuite hostname="LAPTOP-MC4R20CB" failures="0" tests="3" name="com.ripplestreet.AllPutApis.RewardDeliveryControllerPutApi" time="5.088" errors="0" timestamp="2023-08-09T18:29:28 IST" skipped="0">
  <testcase classname="com.ripplestreet.AllPutApis.RewardDeliveryControllerPutApi" name="triggerReadyToDeliverAllocations" time="1.711"/>
  <testcase classname="com.ripplestreet.AllPutApis.RewardDeliveryControllerPutApi" name="createAndUpdateDeliverySystemAttributeValue" time="1.738"/>
  <testcase classname="com.ripplestreet.AllPutApis.RewardDeliveryControllerPutApi" name="UpdateDelveryitemstatus" time="1.639"/>
</testsuite> <!-- com.ripplestreet.AllPutApis.RewardDeliveryControllerPutApi -->
