<?xml version="1.0" encoding="UTF-8"?>
<!-- Generated by org.testng.reporters.JUnitReportReporter -->
<testsuite hostname="LAPTOP-MC4R20CB" failures="0" tests="5" name="com.ripplestreet.AllGetApis.EventDetailControllerGetApi" time="6.866" errors="0" timestamp="2023-07-24T13:06:09 IST" skipped="0">
  <testcase classname="com.ripplestreet.AllGetApis.EventDetailControllerGetApi" name="getBasicEventDetailByEventID" time="1.373"/>
  <system-out/>
  <testcase classname="com.ripplestreet.AllGetApis.EventDetailControllerGetApi" name="findAllmileStonesByEvent" time="1.349"/>
  <system-out/>
  <testcase classname="com.ripplestreet.AllGetApis.EventDetailControllerGetApi" name="findMileStoneById" time="1.386"/>
  <system-out/>
  <testcase classname="com.ripplestreet.AllGetApis.EventDetailControllerGetApi" name="getListoftargetsByEventId" time="1.341"/>
  <system-out/>
  <testcase classname="com.ripplestreet.AllGetApis.EventDetailControllerGetApi" name="findAllMilestonesTypeByEventtypes" time="1.417"/>
  <system-out/>
</testsuite> <!-- com.ripplestreet.AllGetApis.EventDetailControllerGetApi -->
