<?xml version="1.0" encoding="UTF-8"?>
<!-- Generated by org.testng.reporters.JUnitReportReporter -->
<testsuite hostname="LAPTOP-MC4R20CB" failures="0" tests="2" name="com.ripplestreet.AllGetApis.MobileCommunityControllerGetApi" time="2.843" errors="0" timestamp="2023-07-24T13:06:09 IST" skipped="0">
  <testcase classname="com.ripplestreet.AllGetApis.MobileCommunityControllerGetApi" name="getAllEventsByUserAndParticipantTypeApplicant" time="1.393"/>
  <system-out/>
  <testcase classname="com.ripplestreet.AllGetApis.MobileCommunityControllerGetApi" name="getActiveEventsDetailForUser" time="1.450"/>
  <system-out/>
</testsuite> <!-- com.ripplestreet.AllGetApis.MobileCommunityControllerGetApi -->
