<?xml version="1.0" encoding="UTF-8"?>
<!-- Generated by org.testng.reporters.JUnitReportReporter -->
<testsuite hostname="LAPTOP-MC4R20CB" failures="0" tests="1" name="com.ripplestreet.AllPostApis.CommunityExportControllerPostApi" time="2.163" errors="0" timestamp="2023-08-16T15:00:37 IST" skipped="0">
  <testcase classname="com.ripplestreet.AllPostApis.CommunityExportControllerPostApi" name="AudienceExport" time="2.163"/>
</testsuite> <!-- com.ripplestreet.AllPostApis.CommunityExportControllerPostApi -->
