<?xml version="1.0" encoding="UTF-8"?>
<!-- Generated by org.testng.reporters.JUnitReportReporter -->
<testsuite hostname="LAPTOP-MC4R20CB" failures="0" tests="4" name="com.ripplestreet.AllGetApis.GameControllerGetApi" time="6.600" errors="0" timestamp="2023-08-18T15:30:30 IST" skipped="0">
  <testcase classname="com.ripplestreet.AllGetApis.GameControllerGetApi" name="getAllgames" time="1.712"/>
  <testcase classname="com.ripplestreet.AllGetApis.GameControllerGetApi" name="getGameBygameId" time="1.745"/>
  <testcase classname="com.ripplestreet.AllGetApis.GameControllerGetApi" name="GetGameTrackerRedisObjByGameId" time="1.637"/>
  <testcase classname="com.ripplestreet.AllGetApis.GameControllerGetApi" name="getWinningoptionBasedOnTheProbability" time="1.506"/>
</testsuite> <!-- com.ripplestreet.AllGetApis.GameControllerGetApi -->
