<?xml version="1.0" encoding="UTF-8"?>
<!-- Generated by org.testng.reporters.JUnitReportReporter -->
<testsuite hostname="LAPTOP-MC4R20CB" failures="0" tests="2" name="com.ripplestreet.AllPutApis.ActivityControllerPutApi" time="3.356" errors="0" timestamp="2023-07-21T12:42:08 IST" skipped="0">
  <testcase classname="com.ripplestreet.AllPutApis.ActivityControllerPutApi" name="UpdateActivity" time="1.619"/>
  <system-out/>
  <testcase classname="com.ripplestreet.AllPutApis.ActivityControllerPutApi" name="ReopenActivity" time="1.737"/>
  <system-out/>
</testsuite> <!-- com.ripplestreet.AllPutApis.ActivityControllerPutApi -->
