<?xml version="1.0" encoding="UTF-8"?>
<!-- Generated by org.testng.reporters.JUnitReportReporter -->
<testsuite hostname="LAPTOP-MC4R20CB" failures="0" tests="1" name="com.ripplestreet.AllGetApis.AssetControllerGetApi" time="1.778" errors="0" timestamp="2023-08-18T15:30:30 IST" skipped="0">
  <testcase classname="com.ripplestreet.AllGetApis.AssetControllerGetApi" name="getAssetById" time="1.778"/>
</testsuite> <!-- com.ripplestreet.AllGetApis.AssetControllerGetApi -->
