<?xml version="1.0" encoding="UTF-8"?>
<!-- Generated by org.testng.reporters.JUnitReportReporter -->
<testsuite hostname="LAPTOP-MC4R20CB" failures="0" tests="2" name="com.ripplestreet.AllGetApis.SwagControllerGetApi" time="3.294" errors="0" timestamp="2023-07-21T12:42:08 IST" skipped="0">
  <testcase classname="com.ripplestreet.AllGetApis.SwagControllerGetApi" name="getSwag" time="1.658"/>
  <system-out/>
  <testcase classname="com.ripplestreet.AllGetApis.SwagControllerGetApi" name="getSwagList" time="1.636"/>
  <system-out/>
</testsuite> <!-- com.ripplestreet.AllGetApis.SwagControllerGetApi -->
