<?xml version="1.0" encoding="UTF-8"?>
<!-- Generated by org.testng.reporters.JUnitReportReporter -->
<testsuite hostname="LAPTOP-MC4R20CB" failures="0" tests="1" name="com.ripplestreet.AllGetApis.RecipientsController" time="1.678" errors="0" timestamp="2023-07-21T12:42:07 IST" skipped="0">
  <testcase classname="com.ripplestreet.AllGetApis.RecipientsController" name="GetAllRecipientForCampaignId" time="1.678"/>
  <system-out/>
</testsuite> <!-- com.ripplestreet.AllGetApis.RecipientsController -->
