<?xml version="1.0" encoding="UTF-8"?>
<!-- Generated by org.testng.reporters.JUnitReportReporter -->
<testsuite hostname="LAPTOP-MC4R20CB" failures="0" tests="3" name="com.ripplestreet.AllPostApis.EventFeedControllerPostApi" time="7.681" errors="0" timestamp="2023-07-25T13:00:43 IST" skipped="0">
  <testcase classname="com.ripplestreet.AllPostApis.EventFeedControllerPostApi" name="getFeedComments" time="3.954"/>
  <system-out/>
  <testcase classname="com.ripplestreet.AllPostApis.EventFeedControllerPostApi" name="getIfFeedAreReportedAndLikedByUserId" time="1.989"/>
  <system-out/>
  <testcase classname="com.ripplestreet.AllPostApis.EventFeedControllerPostApi" name="reportFeedById" time="1.738"/>
  <system-out/>
</testsuite> <!-- com.ripplestreet.AllPostApis.EventFeedControllerPostApi -->
